
2023/05/02 01:07:23 [error] 29#29: *3 connect() failed (111: Connection refused) while connecting to upstream, client: 192.168.16.1, server: , request: "GET / HTTP/1.1", upstream: "http://127.0.0.1:3000/", host: "localhost"
2023/05/02 01:07:23 [error] 29#29: *3 connect() failed (111: Connection refused) while connecting to upstream, client: 192.168.16.1, server: , request: "GET / HTTP/1.1", upstream: "http://127.0.0.1:3000/", host: "localhost"
2023/05/02 01:10:03 [error] 29#29: *2 open() "/usr/share/nginx/html/favicon.ico" failed (2: No such file or directory), client: 192.168.48.1, server: , request: "GET /favicon.ico HTTP/1.1", host: "localhost", referrer: "https://localhost/ping_database/"
2023/05/02 01:26:52 [emerg] 1#1: "events" directive is not allowed here in /etc/nginx/conf.d/default.conf:1
2023/05/02 01:26:53 [emerg] 1#1: "events" directive is not allowed here in /etc/nginx/conf.d/default.conf:1
2023/05/02 01:26:54 [emerg] 1#1: "events" directive is not allowed here in /etc/nginx/conf.d/default.conf:1
2023/05/02 01:26:55 [emerg] 1#1: "events" directive is not allowed here in /etc/nginx/conf.d/default.conf:1
2023/05/02 01:26:57 [emerg] 1#1: "events" directive is not allowed here in /etc/nginx/conf.d/default.conf:1
2023/05/02 01:26:59 [emerg] 1#1: "events" directive is not allowed here in /etc/nginx/conf.d/default.conf:1
2023/05/02 01:27:03 [emerg] 1#1: "events" directive is not allowed here in /etc/nginx/conf.d/default.conf:1
2023/05/02 01:27:10 [emerg] 1#1: "events" directive is not allowed here in /etc/nginx/conf.d/default.conf:1
2023/05/02 01:32:41 [emerg] 1#1: "events" directive is not allowed here in /etc/nginx/conf.d/default.conf:1
2023/05/02 01:32:42 [emerg] 1#1: "events" directive is not allowed here in /etc/nginx/conf.d/default.conf:1
2023/05/02 01:32:43 [emerg] 1#1: "events" directive is not allowed here in /etc/nginx/conf.d/default.conf:1
2023/05/02 01:32:44 [emerg] 1#1: "events" directive is not allowed here in /etc/nginx/conf.d/default.conf:1
2023/05/02 01:32:46 [emerg] 1#1: "events" directive is not allowed here in /etc/nginx/conf.d/default.conf:1
2023/05/02 01:32:48 [emerg] 1#1: "events" directive is not allowed here in /etc/nginx/conf.d/default.conf:1
2023/05/02 01:34:55 [emerg] 1#1: "http" directive is not allowed here in /etc/nginx/conf.d/default.conf:1
2023/05/02 01:34:56 [emerg] 1#1: "http" directive is not allowed here in /etc/nginx/conf.d/default.conf:1
2023/05/02 01:34:58 [emerg] 1#1: "http" directive is not allowed here in /etc/nginx/conf.d/default.conf:1
2023/05/02 01:34:59 [emerg] 1#1: "http" directive is not allowed here in /etc/nginx/conf.d/default.conf:1
2023/05/02 01:40:22 [emerg] 1#1: "events" directive is not allowed here in /etc/nginx/conf.d/default.conf:1
2023/05/02 01:40:23 [emerg] 1#1: "events" directive is not allowed here in /etc/nginx/conf.d/default.conf:1
2023/05/02 01:40:24 [emerg] 1#1: "events" directive is not allowed here in /etc/nginx/conf.d/default.conf:1
2023/05/02 01:40:25 [emerg] 1#1: "events" directive is not allowed here in /etc/nginx/conf.d/default.conf:1
2023/05/02 01:40:27 [emerg] 1#1: "events" directive is not allowed here in /etc/nginx/conf.d/default.conf:1
2023/05/02 01:40:29 [emerg] 1#1: "events" directive is not allowed here in /etc/nginx/conf.d/default.conf:1
2023/05/02 01:40:33 [emerg] 1#1: "events" directive is not allowed here in /etc/nginx/conf.d/default.conf:1
2023/05/02 01:41:29 [emerg] 1#1: "events" directive is not allowed here in /etc/nginx/conf.d/default.conf:1
2023/05/02 01:41:30 [emerg] 1#1: "events" directive is not allowed here in /etc/nginx/conf.d/default.conf:1
2023/05/02 01:41:31 [emerg] 1#1: "events" directive is not allowed here in /etc/nginx/conf.d/default.conf:1
2023/05/02 01:41:32 [emerg] 1#1: "events" directive is not allowed here in /etc/nginx/conf.d/default.conf:1
2023/05/02 01:41:34 [emerg] 1#1: "events" directive is not allowed here in /etc/nginx/conf.d/default.conf:1
2023/05/02 01:41:36 [emerg] 1#1: "events" directive is not allowed here in /etc/nginx/conf.d/default.conf:1
2023/05/02 01:42:17 [notice] 1#1: using the "epoll" event method
2023/05/02 01:42:17 [notice] 1#1: nginx/1.23.4
2023/05/02 01:42:17 [notice] 1#1: built by gcc 10.2.1 20210110 (Debian 10.2.1-6) 
2023/05/02 01:42:17 [notice] 1#1: OS: Linux 5.17.12-100.fc34.x86_64
2023/05/02 01:42:17 [notice] 1#1: getrlimit(RLIMIT_NOFILE): 1073741816:1073741816
2023/05/02 01:42:17 [notice] 1#1: start worker processes
2023/05/02 01:42:17 [notice] 1#1: start worker process 29
2023/05/02 01:42:17 [notice] 1#1: start worker process 30
2023/05/02 01:42:17 [notice] 1#1: start worker process 31
2023/05/02 01:42:17 [notice] 1#1: start worker process 32
2023/05/02 01:50:58 [notice] 1#1: signal 3 (SIGQUIT) received, shutting down
2023/05/02 01:50:58 [notice] 29#29: gracefully shutting down
2023/05/02 01:50:58 [notice] 30#30: gracefully shutting down
2023/05/02 01:50:58 [notice] 31#31: gracefully shutting down
2023/05/02 01:50:58 [notice] 32#32: gracefully shutting down
2023/05/02 01:50:58 [notice] 30#30: exiting
2023/05/02 01:50:58 [notice] 31#31: exiting
2023/05/02 01:50:58 [notice] 30#30: exit
2023/05/02 01:50:58 [notice] 31#31: exit
2023/05/02 01:50:58 [notice] 32#32: exiting
2023/05/02 01:50:58 [notice] 32#32: exit
2023/05/02 01:50:58 [notice] 29#29: exiting
2023/05/02 01:50:58 [notice] 29#29: exit
2023/05/02 01:50:58 [notice] 1#1: signal 17 (SIGCHLD) received from 31
2023/05/02 01:50:58 [notice] 1#1: worker process 30 exited with code 0
2023/05/02 01:50:58 [notice] 1#1: worker process 31 exited with code 0
2023/05/02 01:50:58 [notice] 1#1: signal 29 (SIGIO) received
2023/05/02 01:50:58 [notice] 1#1: signal 17 (SIGCHLD) received from 30
2023/05/02 01:50:58 [notice] 1#1: signal 17 (SIGCHLD) received from 29
2023/05/02 01:50:58 [notice] 1#1: worker process 29 exited with code 0
2023/05/02 01:50:58 [notice] 1#1: worker process 32 exited with code 0
2023/05/02 01:50:58 [notice] 1#1: exit
2023/05/02 01:51:31 [emerg] 1#1: "events" directive is not allowed here in /etc/nginx/conf.d/default.conf:1
2023/05/02 01:51:32 [emerg] 1#1: "events" directive is not allowed here in /etc/nginx/conf.d/default.conf:1
2023/05/02 01:51:33 [emerg] 1#1: "events" directive is not allowed here in /etc/nginx/conf.d/default.conf:1
2023/05/02 01:51:35 [emerg] 1#1: "events" directive is not allowed here in /etc/nginx/conf.d/default.conf:1
2023/05/02 01:51:36 [emerg] 1#1: "events" directive is not allowed here in /etc/nginx/conf.d/default.conf:1
2023/05/02 01:51:38 [emerg] 1#1: "events" directive is not allowed here in /etc/nginx/conf.d/default.conf:1
2023/05/02 01:51:42 [emerg] 1#1: "events" directive is not allowed here in /etc/nginx/conf.d/default.conf:1
2023/05/02 01:51:50 [emerg] 1#1: "events" directive is not allowed here in /etc/nginx/conf.d/default.conf:1
2023/05/02 01:52:04 [emerg] 1#1: "events" directive is not allowed here in /etc/nginx/conf.d/default.conf:1
2023/05/02 01:52:31 [emerg] 1#1: "events" directive is not allowed here in /etc/nginx/conf.d/default.conf:1
2023/05/02 01:53:23 [emerg] 1#1: "events" directive is not allowed here in /etc/nginx/conf.d/default.conf:1
2023/05/02 01:54:23 [emerg] 1#1: "events" directive is not allowed here in /etc/nginx/conf.d/default.conf:1
2023/05/02 01:55:24 [emerg] 1#1: "events" directive is not allowed here in /etc/nginx/conf.d/default.conf:1
2023/05/02 01:56:20 [emerg] 1#1: "events" directive is not allowed here in /etc/nginx/conf.d/default.conf:1
2023/05/02 01:56:21 [emerg] 1#1: "events" directive is not allowed here in /etc/nginx/conf.d/default.conf:1
2023/05/02 01:56:22 [emerg] 1#1: "events" directive is not allowed here in /etc/nginx/conf.d/default.conf:1
2023/05/02 01:56:23 [emerg] 1#1: "events" directive is not allowed here in /etc/nginx/conf.d/default.conf:1
2023/05/02 01:56:25 [emerg] 1#1: "events" directive is not allowed here in /etc/nginx/conf.d/default.conf:1
2023/05/02 01:58:32 [emerg] 1#1: "events" directive is not allowed here in /etc/nginx/conf.d/default.conf:1
2023/05/02 01:58:33 [emerg] 1#1: "events" directive is not allowed here in /etc/nginx/conf.d/default.conf:1
2023/05/02 01:58:34 [emerg] 1#1: "events" directive is not allowed here in /etc/nginx/conf.d/default.conf:1
2023/05/02 01:58:35 [emerg] 1#1: "events" directive is not allowed here in /etc/nginx/conf.d/default.conf:1
2023/05/02 01:58:37 [emerg] 1#1: "events" directive is not allowed here in /etc/nginx/conf.d/default.conf:1
2023/05/02 01:59:47 [emerg] 1#1: "events" directive is not allowed here in /etc/nginx/conf.d/nginx.conf:1
2023/05/02 01:59:48 [emerg] 1#1: "events" directive is not allowed here in /etc/nginx/conf.d/nginx.conf:1
2023/05/02 01:59:49 [emerg] 1#1: "events" directive is not allowed here in /etc/nginx/conf.d/nginx.conf:1
2023/05/02 01:59:50 [emerg] 1#1: "events" directive is not allowed here in /etc/nginx/conf.d/nginx.conf:1
2023/05/02 01:59:52 [emerg] 1#1: "events" directive is not allowed here in /etc/nginx/conf.d/nginx.conf:1
2023/05/02 01:59:54 [emerg] 1#1: "events" directive is not allowed here in /etc/nginx/conf.d/nginx.conf:1
2023/05/02 01:59:58 [emerg] 1#1: "events" directive is not allowed here in /etc/nginx/conf.d/nginx.conf:1
2023/05/02 02:03:17 [emerg] 1#1: "events" directive is not allowed here in /etc/nginx/conf.d/nginx.conf:1
2023/05/02 02:03:18 [emerg] 1#1: "events" directive is not allowed here in /etc/nginx/conf.d/nginx.conf:1
2023/05/02 02:03:19 [emerg] 1#1: "events" directive is not allowed here in /etc/nginx/conf.d/nginx.conf:1
2023/05/02 02:03:20 [emerg] 1#1: "events" directive is not allowed here in /etc/nginx/conf.d/nginx.conf:1
2023/05/02 02:03:22 [emerg] 1#1: "events" directive is not allowed here in /etc/nginx/conf.d/nginx.conf:1
2023/05/02 02:03:24 [emerg] 1#1: "events" directive is not allowed here in /etc/nginx/conf.d/nginx.conf:1
2023/05/02 02:04:39 [notice] 1#1: using the "epoll" event method
2023/05/02 02:04:39 [notice] 1#1: nginx/1.23.4
2023/05/02 02:04:39 [notice] 1#1: built by gcc 10.2.1 20210110 (Debian 10.2.1-6) 
2023/05/02 02:04:39 [notice] 1#1: OS: Linux 5.17.12-100.fc34.x86_64
2023/05/02 02:04:39 [notice] 1#1: getrlimit(RLIMIT_NOFILE): 1073741816:1073741816
2023/05/02 02:04:39 [notice] 1#1: start worker processes
2023/05/02 02:04:39 [notice] 1#1: start worker process 29
2023/05/02 02:04:39 [notice] 1#1: start worker process 30
2023/05/02 02:04:39 [notice] 1#1: start worker process 31
2023/05/02 02:04:39 [notice] 1#1: start worker process 32
2023/05/02 02:13:56 [notice] 1#1: signal 3 (SIGQUIT) received, shutting down
2023/05/02 02:13:56 [notice] 29#29: gracefully shutting down
2023/05/02 02:13:56 [notice] 29#29: exiting
2023/05/02 02:13:56 [notice] 29#29: exit
2023/05/02 02:13:56 [notice] 30#30: gracefully shutting down
2023/05/02 02:13:56 [notice] 30#30: exiting
2023/05/02 02:13:56 [notice] 30#30: exit
2023/05/02 02:13:56 [notice] 31#31: gracefully shutting down
2023/05/02 02:13:56 [notice] 31#31: exiting
2023/05/02 02:13:56 [notice] 31#31: exit
2023/05/02 02:13:56 [notice] 32#32: gracefully shutting down
2023/05/02 02:13:56 [notice] 32#32: exiting
2023/05/02 02:13:56 [notice] 32#32: exit
2023/05/02 02:13:56 [notice] 1#1: signal 17 (SIGCHLD) received from 31
2023/05/02 02:13:56 [notice] 1#1: worker process 30 exited with code 0
2023/05/02 02:13:56 [notice] 1#1: worker process 31 exited with code 0
2023/05/02 02:13:56 [notice] 1#1: signal 29 (SIGIO) received
2023/05/02 02:13:56 [notice] 1#1: signal 17 (SIGCHLD) received from 29
2023/05/02 02:13:56 [notice] 1#1: worker process 29 exited with code 0
2023/05/02 02:13:56 [notice] 1#1: signal 29 (SIGIO) received
2023/05/02 02:13:56 [notice] 1#1: signal 17 (SIGCHLD) received from 32
2023/05/02 02:13:56 [notice] 1#1: worker process 32 exited with code 0
2023/05/02 02:13:56 [notice] 1#1: exit
2023/05/02 02:15:21 [emerg] 1#1: no "ssl_certificate" is defined for the "listen ... ssl" directive in /etc/nginx/conf.d/default.conf:1
2023/05/02 02:15:22 [emerg] 1#1: no "ssl_certificate" is defined for the "listen ... ssl" directive in /etc/nginx/conf.d/default.conf:1
2023/05/02 02:15:23 [emerg] 1#1: no "ssl_certificate" is defined for the "listen ... ssl" directive in /etc/nginx/conf.d/default.conf:1
2023/05/02 02:15:24 [emerg] 1#1: no "ssl_certificate" is defined for the "listen ... ssl" directive in /etc/nginx/conf.d/default.conf:1
2023/05/02 02:15:26 [emerg] 1#1: no "ssl_certificate" is defined for the "listen ... ssl" directive in /etc/nginx/conf.d/default.conf:1
2023/05/02 02:15:28 [emerg] 1#1: no "ssl_certificate" is defined for the "listen ... ssl" directive in /etc/nginx/conf.d/default.conf:1
2023/05/02 02:15:32 [emerg] 1#1: no "ssl_certificate" is defined for the "listen ... ssl" directive in /etc/nginx/conf.d/default.conf:1
2023/05/02 02:17:06 [notice] 1#1: using the "epoll" event method
2023/05/02 02:17:06 [notice] 1#1: nginx/1.23.4
2023/05/02 02:17:06 [notice] 1#1: built by gcc 10.2.1 20210110 (Debian 10.2.1-6) 
2023/05/02 02:17:06 [notice] 1#1: OS: Linux 5.17.12-100.fc34.x86_64
2023/05/02 02:17:06 [notice] 1#1: getrlimit(RLIMIT_NOFILE): 1073741816:1073741816
2023/05/02 02:17:06 [notice] 1#1: start worker processes
2023/05/02 02:17:06 [notice] 1#1: start worker process 21
2023/05/02 02:17:06 [notice] 1#1: start worker process 22
2023/05/02 02:17:06 [notice] 1#1: start worker process 23
2023/05/02 02:17:06 [notice] 1#1: start worker process 24
2023/05/02 02:17:16 [notice] 1#1: signal 3 (SIGQUIT) received, shutting down
2023/05/02 02:17:16 [notice] 21#21: gracefully shutting down
2023/05/02 02:17:16 [notice] 21#21: exiting
2023/05/02 02:17:16 [notice] 21#21: exit
2023/05/02 02:17:16 [notice] 22#22: gracefully shutting down
2023/05/02 02:17:16 [notice] 22#22: exiting
2023/05/02 02:17:16 [notice] 22#22: exit
2023/05/02 02:17:16 [notice] 23#23: gracefully shutting down
2023/05/02 02:17:16 [notice] 23#23: exiting
2023/05/02 02:17:16 [notice] 23#23: exit
2023/05/02 02:17:16 [notice] 24#24: gracefully shutting down
2023/05/02 02:17:16 [notice] 24#24: exiting
2023/05/02 02:17:16 [notice] 24#24: exit
2023/05/02 02:17:16 [notice] 1#1: signal 17 (SIGCHLD) received from 21
2023/05/02 02:17:16 [notice] 1#1: worker process 21 exited with code 0
2023/05/02 02:17:16 [notice] 1#1: worker process 22 exited with code 0
2023/05/02 02:17:16 [notice] 1#1: worker process 23 exited with code 0
2023/05/02 02:17:16 [notice] 1#1: signal 29 (SIGIO) received
2023/05/02 02:17:16 [notice] 1#1: signal 17 (SIGCHLD) received from 24
2023/05/02 02:17:16 [notice] 1#1: worker process 24 exited with code 0
2023/05/02 02:17:16 [notice] 1#1: exit
2023/05/02 02:17:47 [notice] 1#1: using the "epoll" event method
2023/05/02 02:17:47 [notice] 1#1: nginx/1.23.4
2023/05/02 02:17:47 [notice] 1#1: built by gcc 10.2.1 20210110 (Debian 10.2.1-6) 
2023/05/02 02:17:47 [notice] 1#1: OS: Linux 5.17.12-100.fc34.x86_64
2023/05/02 02:17:47 [notice] 1#1: getrlimit(RLIMIT_NOFILE): 1073741816:1073741816
2023/05/02 02:17:47 [notice] 1#1: start worker processes
2023/05/02 02:17:47 [notice] 1#1: start worker process 21
2023/05/02 02:17:47 [notice] 1#1: start worker process 22
2023/05/02 02:17:47 [notice] 1#1: start worker process 23
2023/05/02 02:17:47 [notice] 1#1: start worker process 24
2023/05/02 02:18:33 [error] 22#22: *1 open() "/usr/share/nginx/html/favicon.ico" failed (2: No such file or directory), client: 192.168.64.1, server: localhost, request: "GET /favicon.ico HTTP/1.1", host: "localhost", referrer: "http://localhost/"
2023/05/02 02:18:33 [error] 22#22: *1 open() "/usr/share/nginx/html/error/404.html" failed (2: No such file or directory), client: 192.168.64.1, server: localhost, request: "GET /favicon.ico HTTP/1.1", host: "localhost", referrer: "http://localhost/"
2023/05/02 02:18:47 [error] 22#22: *1 open() "/usr/share/nginx/html/ping-database" failed (2: No such file or directory), client: 192.168.64.1, server: localhost, request: "GET /ping-database HTTP/1.1", host: "localhost"
2023/05/02 02:18:47 [error] 22#22: *1 open() "/usr/share/nginx/html/error/404.html" failed (2: No such file or directory), client: 192.168.64.1, server: localhost, request: "GET /ping-database HTTP/1.1", host: "localhost"
2023/05/02 02:19:58 [notice] 1#1: signal 3 (SIGQUIT) received, shutting down
2023/05/02 02:19:58 [notice] 21#21: gracefully shutting down
2023/05/02 02:19:58 [notice] 21#21: exiting
2023/05/02 02:19:58 [notice] 21#21: exit
2023/05/02 02:19:58 [notice] 22#22: gracefully shutting down
2023/05/02 02:19:58 [notice] 22#22: exiting
2023/05/02 02:19:58 [notice] 22#22: exit
2023/05/02 02:19:58 [notice] 24#24: gracefully shutting down
2023/05/02 02:19:58 [notice] 24#24: exiting
2023/05/02 02:19:58 [notice] 24#24: exit
2023/05/02 02:19:58 [notice] 23#23: gracefully shutting down
2023/05/02 02:19:58 [notice] 23#23: exiting
2023/05/02 02:19:58 [notice] 23#23: exit
2023/05/02 02:19:59 [notice] 1#1: signal 17 (SIGCHLD) received from 22
2023/05/02 02:19:59 [notice] 1#1: worker process 22 exited with code 0
2023/05/02 02:19:59 [notice] 1#1: signal 29 (SIGIO) received
2023/05/02 02:19:59 [notice] 1#1: signal 17 (SIGCHLD) received from 24
2023/05/02 02:19:59 [notice] 1#1: worker process 21 exited with code 0
2023/05/02 02:19:59 [notice] 1#1: worker process 23 exited with code 0
2023/05/02 02:19:59 [notice] 1#1: worker process 24 exited with code 0
2023/05/02 02:19:59 [notice] 1#1: exit
2023/05/02 02:20:22 [notice] 1#1: using the "epoll" event method
2023/05/02 02:20:22 [notice] 1#1: nginx/1.23.4
2023/05/02 02:20:22 [notice] 1#1: built by gcc 10.2.1 20210110 (Debian 10.2.1-6) 
2023/05/02 02:20:22 [notice] 1#1: OS: Linux 5.17.12-100.fc34.x86_64
2023/05/02 02:20:22 [notice] 1#1: getrlimit(RLIMIT_NOFILE): 1073741816:1073741816
2023/05/02 02:20:22 [notice] 1#1: start worker processes
2023/05/02 02:20:22 [notice] 1#1: start worker process 21
2023/05/02 02:20:22 [notice] 1#1: start worker process 22
2023/05/02 02:20:22 [notice] 1#1: start worker process 23
2023/05/02 02:20:22 [notice] 1#1: start worker process 24
2023/05/02 02:20:30 [error] 21#21: *1 open() "/usr/share/nginx/html/ping-database" failed (2: No such file or directory), client: 192.168.80.1, server: localhost, request: "GET /ping-database HTTP/1.1", host: "localhost"
2023/05/02 02:20:30 [error] 21#21: *1 open() "/usr/share/nginx/html/error/404" failed (2: No such file or directory), client: 192.168.80.1, server: localhost, request: "GET /ping-database HTTP/1.1", host: "localhost"
2023/05/02 02:20:43 [error] 21#21: *1 open() "/usr/share/nginx/html/404" failed (2: No such file or directory), client: 192.168.80.1, server: localhost, request: "GET /404 HTTP/1.1", host: "localhost"
2023/05/02 02:20:43 [error] 21#21: *1 open() "/usr/share/nginx/html/error/404" failed (2: No such file or directory), client: 192.168.80.1, server: localhost, request: "GET /404 HTTP/1.1", host: "localhost"
2023/05/02 02:21:25 [error] 21#21: *1 open() "/usr/share/nginx/html/error" failed (2: No such file or directory), client: 192.168.80.1, server: localhost, request: "GET /error HTTP/1.1", host: "localhost"
2023/05/02 02:21:25 [error] 21#21: *1 open() "/usr/share/nginx/html/error/404" failed (2: No such file or directory), client: 192.168.80.1, server: localhost, request: "GET /error HTTP/1.1", host: "localhost"
2023/05/02 02:22:27 [notice] 1#1: signal 3 (SIGQUIT) received, shutting down
2023/05/02 02:22:27 [notice] 22#22: gracefully shutting down
2023/05/02 02:22:27 [notice] 22#22: exiting
2023/05/02 02:22:27 [notice] 22#22: exit
2023/05/02 02:22:27 [notice] 21#21: gracefully shutting down
2023/05/02 02:22:27 [notice] 23#23: gracefully shutting down
2023/05/02 02:22:27 [notice] 21#21: exiting
2023/05/02 02:22:27 [notice] 23#23: exiting
2023/05/02 02:22:27 [notice] 21#21: exit
2023/05/02 02:22:27 [notice] 23#23: exit
2023/05/02 02:22:27 [notice] 24#24: gracefully shutting down
2023/05/02 02:22:27 [notice] 24#24: exiting
2023/05/02 02:22:27 [notice] 24#24: exit
2023/05/02 02:22:27 [notice] 1#1: signal 17 (SIGCHLD) received from 24
2023/05/02 02:22:27 [notice] 1#1: worker process 22 exited with code 0
2023/05/02 02:22:27 [notice] 1#1: worker process 23 exited with code 0
2023/05/02 02:22:27 [notice] 1#1: worker process 24 exited with code 0
2023/05/02 02:22:27 [notice] 1#1: signal 29 (SIGIO) received
2023/05/02 02:22:27 [notice] 1#1: signal 17 (SIGCHLD) received from 22
2023/05/02 02:22:27 [notice] 1#1: signal 17 (SIGCHLD) received from 21
2023/05/02 02:22:27 [notice] 1#1: worker process 21 exited with code 0
2023/05/02 02:22:27 [notice] 1#1: exit
2023/05/02 02:22:53 [notice] 1#1: using the "epoll" event method
2023/05/02 02:22:53 [notice] 1#1: nginx/1.23.4
2023/05/02 02:22:53 [notice] 1#1: built by gcc 10.2.1 20210110 (Debian 10.2.1-6) 
2023/05/02 02:22:53 [notice] 1#1: OS: Linux 5.17.12-100.fc34.x86_64
2023/05/02 02:22:53 [notice] 1#1: getrlimit(RLIMIT_NOFILE): 1073741816:1073741816
2023/05/02 02:22:53 [notice] 1#1: start worker processes
2023/05/02 02:22:53 [notice] 1#1: start worker process 21
2023/05/02 02:22:53 [notice] 1#1: start worker process 22
2023/05/02 02:22:53 [notice] 1#1: start worker process 23
2023/05/02 02:22:53 [notice] 1#1: start worker process 24
2023/05/02 02:23:01 [error] 21#21: *1 open() "/usr/share/nginx/html/error" failed (2: No such file or directory), client: 192.168.96.1, server: localhost, request: "GET /error HTTP/1.1", host: "localhost"
2023/05/02 02:23:01 [error] 21#21: *1 open() "/error/404" failed (2: No such file or directory), client: 192.168.96.1, server: localhost, request: "GET /error HTTP/1.1", host: "localhost"
2023/05/02 02:23:06 [error] 21#21: *1 open() "/error/404" failed (2: No such file or directory), client: 192.168.96.1, server: localhost, request: "GET /error/404 HTTP/1.1", host: "localhost"
2023/05/02 02:23:06 [error] 21#21: *1 open() "/error/404" failed (2: No such file or directory), client: 192.168.96.1, server: localhost, request: "GET /error/404 HTTP/1.1", host: "localhost"
2023/05/02 02:23:47 [notice] 1#1: signal 3 (SIGQUIT) received, shutting down
2023/05/02 02:23:47 [notice] 21#21: gracefully shutting down
2023/05/02 02:23:47 [notice] 22#22: gracefully shutting down
2023/05/02 02:23:47 [notice] 24#24: gracefully shutting down
2023/05/02 02:23:47 [notice] 22#22: exiting
2023/05/02 02:23:47 [notice] 24#24: exiting
2023/05/02 02:23:47 [notice] 24#24: exit
2023/05/02 02:23:47 [notice] 22#22: exit
2023/05/02 02:23:47 [notice] 21#21: exiting
2023/05/02 02:23:47 [notice] 21#21: exit
2023/05/02 02:23:47 [notice] 23#23: gracefully shutting down
2023/05/02 02:23:47 [notice] 23#23: exiting
2023/05/02 02:23:47 [notice] 23#23: exit
2023/05/02 02:23:47 [notice] 1#1: signal 17 (SIGCHLD) received from 21
2023/05/02 02:23:47 [notice] 1#1: worker process 21 exited with code 0
2023/05/02 02:23:47 [notice] 1#1: worker process 22 exited with code 0
2023/05/02 02:23:47 [notice] 1#1: worker process 24 exited with code 0
2023/05/02 02:23:47 [notice] 1#1: signal 29 (SIGIO) received
2023/05/02 02:23:47 [notice] 1#1: signal 17 (SIGCHLD) received from 22
2023/05/02 02:23:47 [notice] 1#1: signal 17 (SIGCHLD) received from 23
2023/05/02 02:23:47 [notice] 1#1: worker process 23 exited with code 0
2023/05/02 02:23:47 [notice] 1#1: exit
2023/05/02 02:25:23 [notice] 1#1: using the "epoll" event method
2023/05/02 02:25:23 [notice] 1#1: nginx/1.23.4
2023/05/02 02:25:23 [notice] 1#1: built by gcc 10.2.1 20210110 (Debian 10.2.1-6) 
2023/05/02 02:25:23 [notice] 1#1: OS: Linux 5.17.12-100.fc34.x86_64
2023/05/02 02:25:23 [notice] 1#1: getrlimit(RLIMIT_NOFILE): 1073741816:1073741816
2023/05/02 02:25:23 [notice] 1#1: start worker processes
2023/05/02 02:25:23 [notice] 1#1: start worker process 20
2023/05/02 02:25:23 [notice] 1#1: start worker process 21
2023/05/02 02:25:23 [notice] 1#1: start worker process 22
2023/05/02 02:25:23 [notice] 1#1: start worker process 23
2023/05/02 02:25:30 [error] 21#21: *1 open() "/usr/share/nginx/html/error/404" failed (2: No such file or directory), client: 192.168.144.1, server: localhost, request: "GET /error/404 HTTP/1.1", host: "localhost"
2023/05/02 02:25:30 [error] 21#21: *1 open() "/usr/share/nginx/html/error/404/index.html" failed (2: No such file or directory), client: 192.168.144.1, server: localhost, request: "GET /error/404 HTTP/1.1", host: "localhost"
2023/05/02 02:25:35 [error] 21#21: *1 open() "/usr/share/nginx/html/404" failed (2: No such file or directory), client: 192.168.144.1, server: localhost, request: "GET /404 HTTP/1.1", host: "localhost"
2023/05/02 02:25:35 [error] 21#21: *1 open() "/usr/share/nginx/html/error/404/index.html" failed (2: No such file or directory), client: 192.168.144.1, server: localhost, request: "GET /404 HTTP/1.1", host: "localhost"
2023/05/02 02:25:56 [error] 21#21: *1 open() "/usr/share/nginx/html/error/404" failed (2: No such file or directory), client: 192.168.144.1, server: localhost, request: "GET /error/404 HTTP/1.1", host: "localhost"
2023/05/02 02:25:56 [error] 21#21: *1 open() "/usr/share/nginx/html/error/404/index.html" failed (2: No such file or directory), client: 192.168.144.1, server: localhost, request: "GET /error/404 HTTP/1.1", host: "localhost"
2023/05/02 02:26:07 [error] 20#20: *2 open() "/usr/share/nginx/html/error/404" failed (2: No such file or directory), client: 192.168.144.1, server: localhost, request: "GET /error/404 HTTP/1.1", host: "localhost"
2023/05/02 02:26:07 [error] 20#20: *2 open() "/usr/share/nginx/html/error/404/index.html" failed (2: No such file or directory), client: 192.168.144.1, server: localhost, request: "GET /error/404 HTTP/1.1", host: "localhost"
2023/05/02 02:26:07 [error] 20#20: *2 open() "/usr/share/nginx/html/favicon.ico" failed (2: No such file or directory), client: 192.168.144.1, server: localhost, request: "GET /favicon.ico HTTP/1.1", host: "localhost", referrer: "http://localhost/error/404"
2023/05/02 02:26:07 [error] 20#20: *2 open() "/usr/share/nginx/html/error/404/index.html" failed (2: No such file or directory), client: 192.168.144.1, server: localhost, request: "GET /favicon.ico HTTP/1.1", host: "localhost", referrer: "http://localhost/error/404"
2023/05/02 02:26:12 [error] 22#22: *3 open() "/usr/share/nginx/html/favicon.ico" failed (2: No such file or directory), client: 192.168.144.1, server: localhost, request: "GET /favicon.ico HTTP/1.1", host: "localhost", referrer: "http://localhost/"
2023/05/02 02:26:12 [error] 22#22: *3 open() "/usr/share/nginx/html/error/404/index.html" failed (2: No such file or directory), client: 192.168.144.1, server: localhost, request: "GET /favicon.ico HTTP/1.1", host: "localhost", referrer: "http://localhost/"
2023/05/02 02:27:29 [notice] 1#1: signal 3 (SIGQUIT) received, shutting down
2023/05/02 02:27:29 [notice] 20#20: gracefully shutting down
2023/05/02 02:27:29 [notice] 20#20: exiting
2023/05/02 02:27:29 [notice] 21#21: gracefully shutting down
2023/05/02 02:27:29 [notice] 23#23: gracefully shutting down
2023/05/02 02:27:29 [notice] 21#21: exiting
2023/05/02 02:27:29 [notice] 20#20: exit
2023/05/02 02:27:29 [notice] 23#23: exiting
2023/05/02 02:27:29 [notice] 21#21: exit
2023/05/02 02:27:29 [notice] 23#23: exit
2023/05/02 02:27:29 [notice] 22#22: gracefully shutting down
2023/05/02 02:27:29 [notice] 22#22: exiting
2023/05/02 02:27:29 [notice] 22#22: exit
2023/05/02 02:27:29 [notice] 1#1: signal 17 (SIGCHLD) received from 23
2023/05/02 02:27:29 [notice] 1#1: worker process 22 exited with code 0
2023/05/02 02:27:29 [notice] 1#1: worker process 23 exited with code 0
2023/05/02 02:27:29 [notice] 1#1: signal 29 (SIGIO) received
2023/05/02 02:27:29 [notice] 1#1: signal 17 (SIGCHLD) received from 22
2023/05/02 02:27:29 [notice] 1#1: signal 17 (SIGCHLD) received from 20
2023/05/02 02:27:29 [notice] 1#1: worker process 20 exited with code 0
2023/05/02 02:27:29 [notice] 1#1: worker process 21 exited with code 0
2023/05/02 02:27:29 [notice] 1#1: exit
2023/05/02 02:27:53 [emerg] 1#1: no "ssl_certificate" is defined for the "listen ... ssl" directive in /etc/nginx/conf.d/default.conf:1
2023/05/02 02:27:54 [emerg] 1#1: no "ssl_certificate" is defined for the "listen ... ssl" directive in /etc/nginx/conf.d/default.conf:1
2023/05/02 02:27:55 [emerg] 1#1: no "ssl_certificate" is defined for the "listen ... ssl" directive in /etc/nginx/conf.d/default.conf:1
2023/05/02 02:27:56 [emerg] 1#1: no "ssl_certificate" is defined for the "listen ... ssl" directive in /etc/nginx/conf.d/default.conf:1
2023/05/02 02:27:58 [emerg] 1#1: no "ssl_certificate" is defined for the "listen ... ssl" directive in /etc/nginx/conf.d/default.conf:1
2023/05/02 02:28:00 [emerg] 1#1: no "ssl_certificate" is defined for the "listen ... ssl" directive in /etc/nginx/conf.d/default.conf:1
2023/05/02 02:28:04 [notice] 1#1: using the "epoll" event method
2023/05/02 02:28:04 [notice] 1#1: nginx/1.23.4
2023/05/02 02:28:04 [notice] 1#1: built by gcc 10.2.1 20210110 (Debian 10.2.1-6) 
2023/05/02 02:28:04 [notice] 1#1: OS: Linux 5.17.12-100.fc34.x86_64
2023/05/02 02:28:04 [notice] 1#1: getrlimit(RLIMIT_NOFILE): 1073741816:1073741816
2023/05/02 02:28:04 [notice] 1#1: start worker processes
2023/05/02 02:28:04 [notice] 1#1: start worker process 21
2023/05/02 02:28:04 [notice] 1#1: start worker process 22
2023/05/02 02:28:04 [notice] 1#1: start worker process 23
2023/05/02 02:28:04 [notice] 1#1: start worker process 24
2023/05/02 02:28:06 [notice] 1#1: signal 3 (SIGQUIT) received, shutting down
2023/05/02 02:28:06 [notice] 22#22: gracefully shutting down
2023/05/02 02:28:06 [notice] 22#22: exiting
2023/05/02 02:28:06 [notice] 22#22: exit
2023/05/02 02:28:06 [notice] 21#21: gracefully shutting down
2023/05/02 02:28:06 [notice] 21#21: exiting
2023/05/02 02:28:06 [notice] 23#23: gracefully shutting down
2023/05/02 02:28:06 [notice] 21#21: exit
2023/05/02 02:28:06 [notice] 23#23: exiting
2023/05/02 02:28:06 [notice] 23#23: exit
2023/05/02 02:28:06 [notice] 24#24: gracefully shutting down
2023/05/02 02:28:06 [notice] 24#24: exiting
2023/05/02 02:28:06 [notice] 24#24: exit
2023/05/02 02:28:06 [notice] 1#1: signal 17 (SIGCHLD) received from 23
2023/05/02 02:28:06 [notice] 1#1: worker process 22 exited with code 0
2023/05/02 02:28:06 [notice] 1#1: worker process 23 exited with code 0
2023/05/02 02:28:06 [notice] 1#1: signal 29 (SIGIO) received
2023/05/02 02:28:06 [notice] 1#1: signal 17 (SIGCHLD) received from 24
2023/05/02 02:28:06 [notice] 1#1: worker process 24 exited with code 0
2023/05/02 02:28:06 [notice] 1#1: signal 29 (SIGIO) received
2023/05/02 02:28:06 [notice] 1#1: signal 17 (SIGCHLD) received from 21
2023/05/02 02:28:06 [notice] 1#1: worker process 21 exited with code 0
2023/05/02 02:28:06 [notice] 1#1: exit
2023/05/02 02:28:39 [notice] 1#1: using the "epoll" event method
2023/05/02 02:28:39 [notice] 1#1: nginx/1.23.4
2023/05/02 02:28:39 [notice] 1#1: built by gcc 10.2.1 20210110 (Debian 10.2.1-6) 
2023/05/02 02:28:39 [notice] 1#1: OS: Linux 5.17.12-100.fc34.x86_64
2023/05/02 02:28:39 [notice] 1#1: getrlimit(RLIMIT_NOFILE): 1073741816:1073741816
2023/05/02 02:28:39 [notice] 1#1: start worker processes
2023/05/02 02:28:39 [notice] 1#1: start worker process 21
2023/05/02 02:28:39 [notice] 1#1: start worker process 22
2023/05/02 02:28:39 [notice] 1#1: start worker process 23
2023/05/02 02:28:39 [notice] 1#1: start worker process 24
2023/05/02 02:29:34 [error] 21#21: *1 open() "/usr/share/nginx/html/404" failed (2: No such file or directory), client: 192.168.176.1, server: localhost, request: "GET /404 HTTP/1.1", host: "localhost"
2023/05/02 02:29:39 [error] 21#21: *1 open() "/usr/share/nginx/html/sfsf" failed (2: No such file or directory), client: 192.168.176.1, server: localhost, request: "GET /sfsf HTTP/1.1", host: "localhost"
2023/05/02 02:29:52 [notice] 1#1: signal 3 (SIGQUIT) received, shutting down
2023/05/02 02:29:52 [notice] 21#21: gracefully shutting down
2023/05/02 02:29:52 [notice] 22#22: gracefully shutting down
2023/05/02 02:29:52 [notice] 22#22: exiting
2023/05/02 02:29:52 [notice] 21#21: exiting
2023/05/02 02:29:52 [notice] 22#22: exit
2023/05/02 02:29:52 [notice] 21#21: exit
2023/05/02 02:29:52 [notice] 24#24: gracefully shutting down
2023/05/02 02:29:52 [notice] 24#24: exiting
2023/05/02 02:29:52 [notice] 24#24: exit
2023/05/02 02:29:52 [notice] 23#23: gracefully shutting down
2023/05/02 02:29:52 [notice] 23#23: exiting
2023/05/02 02:29:52 [notice] 23#23: exit
2023/05/02 02:29:52 [notice] 1#1: signal 17 (SIGCHLD) received from 23
2023/05/02 02:29:52 [notice] 1#1: worker process 21 exited with code 0
2023/05/02 02:29:52 [notice] 1#1: worker process 22 exited with code 0
2023/05/02 02:29:52 [notice] 1#1: worker process 23 exited with code 0
2023/05/02 02:29:52 [notice] 1#1: worker process 24 exited with code 0
2023/05/02 02:29:52 [notice] 1#1: exit
2023/05/02 02:30:17 [emerg] 1#1: "http" directive is not allowed here in /etc/nginx/conf.d/default.conf:1
2023/05/02 02:30:18 [emerg] 1#1: "http" directive is not allowed here in /etc/nginx/conf.d/default.conf:1
2023/05/02 02:30:19 [emerg] 1#1: "http" directive is not allowed here in /etc/nginx/conf.d/default.conf:1
2023/05/02 02:30:20 [emerg] 1#1: "http" directive is not allowed here in /etc/nginx/conf.d/default.conf:1
2023/05/02 02:30:22 [emerg] 1#1: "http" directive is not allowed here in /etc/nginx/conf.d/default.conf:1
2023/05/02 02:30:24 [emerg] 1#1: "http" directive is not allowed here in /etc/nginx/conf.d/default.conf:1
2023/05/02 02:30:28 [emerg] 1#1: "http" directive is not allowed here in /etc/nginx/conf.d/default.conf:1
2023/05/02 02:39:57 [warn] 1#1: the "ssl" directive is deprecated, use the "listen ... ssl" directive instead in /etc/nginx/conf.d/default.conf:9
2023/05/02 02:39:57 [notice] 1#1: using the "epoll" event method
2023/05/02 02:39:57 [notice] 1#1: nginx/1.23.4
2023/05/02 02:39:57 [notice] 1#1: built by gcc 10.2.1 20210110 (Debian 10.2.1-6) 
2023/05/02 02:39:57 [notice] 1#1: OS: Linux 5.17.12-100.fc34.x86_64
2023/05/02 02:39:57 [notice] 1#1: getrlimit(RLIMIT_NOFILE): 1073741816:1073741816
2023/05/02 02:39:57 [notice] 1#1: start worker processes
2023/05/02 02:39:57 [notice] 1#1: start worker process 21
2023/05/02 02:39:57 [notice] 1#1: start worker process 22
2023/05/02 02:39:57 [notice] 1#1: start worker process 23
2023/05/02 02:39:57 [notice] 1#1: start worker process 24
2023/05/02 02:40:16 [error] 21#21: *2 open() "/usr/share/nginx/html/favicon.ico" failed (2: No such file or directory), client: 192.168.224.1, server: localhost, request: "GET /favicon.ico HTTP/1.1", host: "localhost", referrer: "https://localhost/"
2023/05/02 03:07:12 [notice] 1#1: signal 3 (SIGQUIT) received, shutting down
2023/05/02 03:07:12 [notice] 22#22: gracefully shutting down
2023/05/02 03:07:12 [notice] 22#22: exiting
2023/05/02 03:07:12 [notice] 21#21: gracefully shutting down
2023/05/02 03:07:12 [notice] 22#22: exit
2023/05/02 03:07:12 [notice] 21#21: exiting
2023/05/02 03:07:12 [notice] 21#21: exit
2023/05/02 03:07:12 [notice] 23#23: gracefully shutting down
2023/05/02 03:07:12 [notice] 23#23: exiting
2023/05/02 03:07:12 [notice] 24#24: gracefully shutting down
2023/05/02 03:07:12 [notice] 24#24: exiting
2023/05/02 03:07:12 [notice] 23#23: exit
2023/05/02 03:07:12 [notice] 24#24: exit
2023/05/02 03:07:12 [notice] 1#1: signal 17 (SIGCHLD) received from 23
2023/05/02 03:07:12 [notice] 1#1: worker process 23 exited with code 0
2023/05/02 03:07:12 [notice] 1#1: signal 29 (SIGIO) received
2023/05/02 03:07:12 [notice] 1#1: signal 17 (SIGCHLD) received from 24
2023/05/02 03:07:12 [notice] 1#1: worker process 22 exited with code 0
2023/05/02 03:07:12 [notice] 1#1: worker process 21 exited with code 0
2023/05/02 03:07:12 [notice] 1#1: worker process 24 exited with code 0
2023/05/02 03:07:12 [notice] 1#1: exit
2023/05/02 03:07:58 [warn] 1#1: the "ssl" directive is deprecated, use the "listen ... ssl" directive instead in /etc/nginx/conf.d/default.conf:9
2023/05/02 03:07:58 [warn] 1#1: the "ssl" directive is deprecated, use the "listen ... ssl" directive instead in /etc/nginx/conf.d/default.conf:60
2023/05/02 03:07:58 [warn] 1#1: conflicting server name "localhost" on 0.0.0.0:80, ignored
2023/05/02 03:07:58 [warn] 1#1: conflicting server name "localhost" on [::]:80, ignored
2023/05/02 03:07:58 [warn] 1#1: conflicting server name "localhost" on 0.0.0.0:443, ignored
2023/05/02 03:07:58 [notice] 1#1: using the "epoll" event method
2023/05/02 03:07:58 [notice] 1#1: nginx/1.23.4
2023/05/02 03:07:58 [notice] 1#1: built by gcc 10.2.1 20210110 (Debian 10.2.1-6) 
2023/05/02 03:07:58 [notice] 1#1: OS: Linux 5.17.12-100.fc34.x86_64
2023/05/02 03:07:58 [notice] 1#1: getrlimit(RLIMIT_NOFILE): 1073741816:1073741816
2023/05/02 03:07:58 [notice] 1#1: start worker processes
2023/05/02 03:07:58 [notice] 1#1: start worker process 21
2023/05/02 03:07:58 [notice] 1#1: start worker process 22
2023/05/02 03:07:58 [notice] 1#1: start worker process 23
2023/05/02 03:07:58 [notice] 1#1: start worker process 24
2023/05/02 03:08:17 [notice] 1#1: signal 3 (SIGQUIT) received, shutting down
2023/05/02 03:08:17 [notice] 21#21: gracefully shutting down
2023/05/02 03:08:17 [notice] 22#22: gracefully shutting down
2023/05/02 03:08:17 [notice] 21#21: exiting
2023/05/02 03:08:17 [notice] 22#22: exiting
2023/05/02 03:08:17 [notice] 21#21: exit
2023/05/02 03:08:17 [notice] 22#22: exit
2023/05/02 03:08:17 [notice] 23#23: gracefully shutting down
2023/05/02 03:08:17 [notice] 23#23: exiting
2023/05/02 03:08:17 [notice] 23#23: exit
2023/05/02 03:08:17 [notice] 24#24: gracefully shutting down
2023/05/02 03:08:17 [notice] 24#24: exiting
2023/05/02 03:08:17 [notice] 24#24: exit
2023/05/02 03:08:17 [notice] 1#1: signal 17 (SIGCHLD) received from 21
2023/05/02 03:08:17 [notice] 1#1: worker process 21 exited with code 0
2023/05/02 03:08:17 [notice] 1#1: signal 29 (SIGIO) received
2023/05/02 03:08:17 [notice] 1#1: signal 17 (SIGCHLD) received from 22
2023/05/02 03:08:17 [notice] 1#1: worker process 22 exited with code 0
2023/05/02 03:08:17 [notice] 1#1: worker process 23 exited with code 0
2023/05/02 03:08:17 [notice] 1#1: signal 29 (SIGIO) received
2023/05/02 03:08:17 [notice] 1#1: signal 17 (SIGCHLD) received from 23
2023/05/02 03:08:17 [notice] 1#1: signal 17 (SIGCHLD) received from 24
2023/05/02 03:08:17 [notice] 1#1: worker process 24 exited with code 0
2023/05/02 03:08:17 [notice] 1#1: exit
2023/05/02 03:10:13 [warn] 1#1: conflicting server name "localhost" on 0.0.0.0:80, ignored
2023/05/02 03:10:13 [warn] 1#1: conflicting server name "localhost" on [::]:80, ignored
2023/05/02 03:10:13 [notice] 1#1: using the "epoll" event method
2023/05/02 03:10:13 [notice] 1#1: nginx/1.23.4
2023/05/02 03:10:13 [notice] 1#1: built by gcc 10.2.1 20210110 (Debian 10.2.1-6) 
2023/05/02 03:10:13 [notice] 1#1: OS: Linux 5.17.12-100.fc34.x86_64
2023/05/02 03:10:13 [notice] 1#1: getrlimit(RLIMIT_NOFILE): 1073741816:1073741816
2023/05/02 03:10:13 [notice] 1#1: start worker processes
2023/05/02 03:10:13 [notice] 1#1: start worker process 22
2023/05/02 03:10:13 [notice] 1#1: start worker process 23
2023/05/02 03:10:13 [notice] 1#1: start worker process 24
2023/05/02 03:10:13 [notice] 1#1: start worker process 25
2023/05/02 03:10:33 [error] 22#22: *1 open() "/usr/share/nginx/html/favicon.ico" failed (2: No such file or directory), client: 172.27.0.1, server: localhost, request: "GET /favicon.ico HTTP/1.1", host: "localhost", referrer: "https://localhost/"
2023/05/02 03:11:42 [notice] 1#1: signal 3 (SIGQUIT) received, shutting down
2023/05/02 03:11:42 [notice] 22#22: gracefully shutting down
2023/05/02 03:11:42 [notice] 24#24: gracefully shutting down
2023/05/02 03:11:42 [notice] 24#24: exiting
2023/05/02 03:11:42 [notice] 22#22: exiting
2023/05/02 03:11:42 [notice] 22#22: exit
2023/05/02 03:11:42 [notice] 24#24: exit
2023/05/02 03:11:42 [notice] 25#25: gracefully shutting down
2023/05/02 03:11:42 [notice] 25#25: exiting
2023/05/02 03:11:42 [notice] 23#23: gracefully shutting down
2023/05/02 03:11:42 [notice] 23#23: exiting
2023/05/02 03:11:42 [notice] 23#23: exit
2023/05/02 03:11:42 [notice] 25#25: exit
2023/05/02 03:11:42 [notice] 1#1: signal 17 (SIGCHLD) received from 22
2023/05/02 03:11:42 [notice] 1#1: worker process 22 exited with code 0
2023/05/02 03:11:42 [notice] 1#1: signal 29 (SIGIO) received
2023/05/02 03:11:42 [notice] 1#1: signal 17 (SIGCHLD) received from 25
2023/05/02 03:11:42 [notice] 1#1: worker process 25 exited with code 0
2023/05/02 03:11:42 [notice] 1#1: signal 29 (SIGIO) received
2023/05/02 03:11:42 [notice] 1#1: signal 17 (SIGCHLD) received from 23
2023/05/02 03:11:42 [notice] 1#1: worker process 23 exited with code 0
2023/05/02 03:11:42 [notice] 1#1: signal 29 (SIGIO) received
2023/05/02 03:11:42 [notice] 1#1: signal 17 (SIGCHLD) received from 24
2023/05/02 03:11:42 [notice] 1#1: worker process 24 exited with code 0
2023/05/02 03:11:42 [notice] 1#1: exit
2022/01/13 00:00:25 [warn] 1#1: conflicting server name "localhost" on 0.0.0.0:80, ignored
2022/01/13 00:00:25 [warn] 1#1: conflicting server name "localhost" on [::]:80, ignored
2022/01/13 00:00:25 [notice] 1#1: using the "epoll" event method
2022/01/13 00:00:25 [notice] 1#1: nginx/1.23.4
2022/01/13 00:00:25 [notice] 1#1: built by gcc 10.2.1 20210110 (Debian 10.2.1-6) 
2022/01/13 00:00:25 [notice] 1#1: OS: Linux 5.17.12-100.fc34.x86_64
2022/01/13 00:00:25 [notice] 1#1: getrlimit(RLIMIT_NOFILE): 1073741816:1073741816
2022/01/13 00:00:25 [notice] 1#1: start worker processes
2022/01/13 00:00:25 [notice] 1#1: start worker process 21
2022/01/13 00:00:25 [notice] 1#1: start worker process 22
2022/01/13 00:00:25 [notice] 1#1: start worker process 23
2022/01/13 00:00:25 [notice] 1#1: start worker process 24
2023/05/02 08:03:23 [error] 21#21: *1 open() "/usr/share/nginx/html/favicon.ico" failed (2: No such file or directory), client: 172.27.0.1, server: localhost, request: "GET /favicon.ico HTTP/1.1", host: "localhost", referrer: "http://localhost/"
2023/05/02 08:19:25 [error] 21#21: *4 open() "/usr/share/nginx/html/favicon.ico" failed (2: No such file or directory), client: 172.27.0.1, server: localhost, request: "GET /favicon.ico HTTP/1.1", host: "localhost", referrer: "https://localhost/"
2023/05/02 08:42:55 [warn] 1#1: conflicting server name "localhost" on 0.0.0.0:80, ignored
2023/05/02 08:42:55 [warn] 1#1: conflicting server name "localhost" on [::]:80, ignored
2023/05/02 08:42:55 [notice] 1#1: using the "epoll" event method
2023/05/02 08:42:55 [notice] 1#1: nginx/1.23.4
2023/05/02 08:42:55 [notice] 1#1: built by gcc 10.2.1 20210110 (Debian 10.2.1-6) 
2023/05/02 08:42:55 [notice] 1#1: OS: Linux 5.17.12-100.fc34.x86_64
2023/05/02 08:42:55 [notice] 1#1: getrlimit(RLIMIT_NOFILE): 1073741816:1073741816
2023/05/02 08:42:55 [notice] 1#1: start worker processes
2023/05/02 08:42:55 [notice] 1#1: start worker process 21
2023/05/02 08:42:55 [notice] 1#1: start worker process 22
2023/05/02 08:42:55 [notice] 1#1: start worker process 23
2023/05/02 08:42:55 [notice] 1#1: start worker process 24
2023/05/04 14:08:03 [warn] 1#1: conflicting server name "localhost" on 0.0.0.0:80, ignored
2023/05/04 14:08:03 [warn] 1#1: conflicting server name "localhost" on [::]:80, ignored
2023/05/04 14:08:03 [notice] 1#1: using the "epoll" event method
2023/05/04 14:08:03 [notice] 1#1: nginx/1.23.4
2023/05/04 14:08:03 [notice] 1#1: built by gcc 10.2.1 20210110 (Debian 10.2.1-6) 
2023/05/04 14:08:03 [notice] 1#1: OS: Linux 5.17.12-100.fc34.x86_64
2023/05/04 14:08:03 [notice] 1#1: getrlimit(RLIMIT_NOFILE): 1073741816:1073741816
2023/05/04 14:08:03 [notice] 1#1: start worker processes
2023/05/04 14:08:03 [notice] 1#1: start worker process 20
2023/05/04 14:08:03 [notice] 1#1: start worker process 21
2023/05/04 14:08:03 [notice] 1#1: start worker process 22
2023/05/04 14:08:03 [notice] 1#1: start worker process 23
2023/05/04 14:25:12 [notice] 1#1: signal 3 (SIGQUIT) received, shutting down
2023/05/04 14:25:12 [notice] 20#20: gracefully shutting down
2023/05/04 14:25:12 [notice] 22#22: gracefully shutting down
2023/05/04 14:25:12 [notice] 21#21: gracefully shutting down
2023/05/04 14:25:12 [notice] 23#23: gracefully shutting down
2023/05/04 14:25:12 [notice] 20#20: exiting
2023/05/04 14:25:12 [notice] 22#22: exiting
2023/05/04 14:25:12 [notice] 21#21: exiting
2023/05/04 14:25:12 [notice] 23#23: exiting
2023/05/04 14:25:12 [notice] 20#20: exit
2023/05/04 14:25:12 [notice] 23#23: exit
2023/05/04 14:25:12 [notice] 21#21: exit
2023/05/04 14:25:12 [notice] 22#22: exit
2023/05/04 14:25:12 [notice] 1#1: signal 17 (SIGCHLD) received from 23
2023/05/04 14:25:12 [notice] 1#1: worker process 23 exited with code 0
2023/05/04 14:25:12 [notice] 1#1: signal 29 (SIGIO) received
2023/05/04 14:25:12 [notice] 1#1: signal 17 (SIGCHLD) received from 20
2023/05/04 14:25:12 [notice] 1#1: worker process 20 exited with code 0
2023/05/04 14:25:12 [notice] 1#1: worker process 21 exited with code 0
2023/05/04 14:25:12 [notice] 1#1: worker process 22 exited with code 0
2023/05/04 14:25:12 [notice] 1#1: exit
